0 info it worked if it ends with ok
1 verbose cli [ '/usr/local/Cellar/node/5.1.0/bin/node',
1 verbose cli   '/usr/local/bin/npm',
1 verbose cli   'run',
1 verbose cli   'devserver' ]
2 info using npm@3.3.12
3 info using node@v5.1.0
4 verbose run-script [ 'predevserver', 'devserver', 'postdevserver' ]
5 info lifecycle my-project@1.0.0~predevserver: my-project@1.0.0
6 silly lifecycle my-project@1.0.0~predevserver: no script for predevserver, continuing
7 info lifecycle my-project@1.0.0~devserver: my-project@1.0.0
8 verbose lifecycle my-project@1.0.0~devserver: unsafe-perm in lifecycle true
9 verbose lifecycle my-project@1.0.0~devserver: PATH: /usr/local/lib/node_modules/npm/bin/node-gyp-bin:/Users/katerynaporshnieva/Projects/itvdn/react-essential-course/05-flux/00-tasks-app/node_modules/.bin:/usr/local/share/python:/usr/local/bin:/usr/bin:/bin:/usr/sbin:/sbin
10 verbose lifecycle my-project@1.0.0~devserver: CWD: /Users/katerynaporshnieva/Projects/itvdn/react-essential-course/05-flux/00-tasks-app
11 silly lifecycle my-project@1.0.0~devserver: Args: [ '-c',
11 silly lifecycle   'webpack-dev-server --debug --hot --devtool eval-source-map --output-pathinfo --watch --colors --inline --content-base public --port 8090 --host 0.0.0.0' ]
12 silly lifecycle my-project@1.0.0~devserver: Returned: code: 1  signal: null
13 info lifecycle my-project@1.0.0~devserver: Failed to exec devserver script
14 verbose stack Error: my-project@1.0.0 devserver: `webpack-dev-server --debug --hot --devtool eval-source-map --output-pathinfo --watch --colors --inline --content-base public --port 8090 --host 0.0.0.0`
14 verbose stack Exit status 1
14 verbose stack     at EventEmitter.<anonymous> (/usr/local/lib/node_modules/npm/lib/utils/lifecycle.js:232:16)
14 verbose stack     at emitTwo (events.js:87:13)
14 verbose stack     at EventEmitter.emit (events.js:172:7)
14 verbose stack     at ChildProcess.<anonymous> (/usr/local/lib/node_modules/npm/lib/utils/spawn.js:24:14)
14 verbose stack     at emitTwo (events.js:87:13)
14 verbose stack     at ChildProcess.emit (events.js:172:7)
14 verbose stack     at maybeClose (internal/child_process.js:818:16)
14 verbose stack     at Process.ChildProcess._handle.onexit (internal/child_process.js:211:5)
15 verbose pkgid my-project@1.0.0
16 verbose cwd /Users/katerynaporshnieva/Projects/itvdn/react-essential-course/05-flux/00-tasks-app
17 error Darwin 15.4.0
18 error argv "/usr/local/Cellar/node/5.1.0/bin/node" "/usr/local/bin/npm" "run" "devserver"
19 error node v5.1.0
20 error npm  v3.3.12
21 error code ELIFECYCLE
22 error my-project@1.0.0 devserver: `webpack-dev-server --debug --hot --devtool eval-source-map --output-pathinfo --watch --colors --inline --content-base public --port 8090 --host 0.0.0.0`
22 error Exit status 1
23 error Failed at the my-project@1.0.0 devserver script 'webpack-dev-server --debug --hot --devtool eval-source-map --output-pathinfo --watch --colors --inline --content-base public --port 8090 --host 0.0.0.0'.
23 error Make sure you have the latest version of node.js and npm installed.
23 error If you do, this is most likely a problem with the my-project package,
23 error not with npm itself.
23 error Tell the author that this fails on your system:
23 error     webpack-dev-server --debug --hot --devtool eval-source-map --output-pathinfo --watch --colors --inline --content-base public --port 8090 --host 0.0.0.0
23 error You can get their info via:
23 error     npm owner ls my-project
23 error There is likely additional logging output above.
24 verbose exit [ 1, true ]
